<?xml version="1.0" encoding="UTF-8"?>
<testng-results ignored="0" total="3" passed="3" failed="0" skipped="0">
  <reporter-output>
  </reporter-output>
  <suite started-at="2022-02-01T19:10:36 PST" name="Suite" finished-at="2022-02-01T19:11:13 PST" duration-ms="37432">
    <groups>
    </groups>
    <test started-at="2022-02-01T19:10:36 PST" name="Test" finished-at="2022-02-01T19:11:13 PST" duration-ms="37432">
      <class name="testLayer.LoginTest">
        <test-method is-config="true" signature="initialSetup()[pri:0, instance:testLayer.LoginTest@2ef3eef9]" started-at="2022-02-01T19:10:36 PST" name="initialSetup" finished-at="2022-02-01T19:10:44 PST" duration-ms="8193" status="PASS">
          <reporter-output>
          </reporter-output>
        </test-method> <!-- initialSetup -->
        <test-method signature="Login()[pri:0, instance:testLayer.LoginTest@2ef3eef9]" started-at="2022-02-01T19:10:44 PST" name="Login" finished-at="2022-02-01T19:10:56 PST" duration-ms="11619" status="PASS">
          <reporter-output>
          </reporter-output>
        </test-method> <!-- Login -->
      </class> <!-- testLayer.LoginTest -->
      <class name="testLayer.SignUpTest">
        <test-method is-config="true" signature="initsetup()[pri:0, instance:testLayer.SignUpTest@661972b0]" started-at="2022-02-01T19:10:56 PST" name="initsetup" finished-at="2022-02-01T19:11:01 PST" duration-ms="5182" status="PASS">
          <reporter-output>
          </reporter-output>
        </test-method> <!-- initsetup -->
        <test-method signature="Title()[pri:1, instance:testLayer.SignUpTest@661972b0]" started-at="2022-02-01T19:11:01 PST" name="Title" finished-at="2022-02-01T19:11:01 PST" duration-ms="87" status="PASS">
          <reporter-output>
          </reporter-output>
        </test-method> <!-- Title -->
        <test-method is-config="true" signature="closeBrowser()[pri:0, instance:testLayer.SignUpTest@661972b0]" started-at="2022-02-01T19:11:01 PST" name="closeBrowser" finished-at="2022-02-01T19:11:01 PST" duration-ms="223" status="PASS">
          <reporter-output>
          </reporter-output>
        </test-method> <!-- closeBrowser -->
        <test-method is-config="true" signature="initsetup()[pri:0, instance:testLayer.SignUpTest@661972b0]" started-at="2022-02-01T19:11:01 PST" name="initsetup" finished-at="2022-02-01T19:11:06 PST" duration-ms="5025" status="PASS">
          <reporter-output>
          </reporter-output>
        </test-method> <!-- initsetup -->
        <test-method signature="Signup()[pri:2, instance:testLayer.SignUpTest@661972b0]" started-at="2022-02-01T19:11:06 PST" name="Signup" finished-at="2022-02-01T19:11:09 PST" duration-ms="2491" status="PASS">
          <reporter-output>
          </reporter-output>
        </test-method> <!-- Signup -->
        <test-method is-config="true" signature="closeBrowser()[pri:0, instance:testLayer.SignUpTest@661972b0]" started-at="2022-02-01T19:11:09 PST" name="closeBrowser" finished-at="2022-02-01T19:11:13 PST" duration-ms="4510" status="PASS">
          <reporter-output>
          </reporter-output>
        </test-method> <!-- closeBrowser -->
      </class> <!-- testLayer.SignUpTest -->
    </test> <!-- Test -->
  </suite> <!-- Suite -->
</testng-results>
